[debug] [2020-09-12T11:20:34.681Z] ----------------------------------------------------------------------
[debug] [2020-09-12T11:20:34.685Z] Command:       C:\Program Files\nodejs\node.exe C:\Users\Asus\AppData\Roaming\npm\node_modules\firebase-tools\lib\bin\firebase.js emulators:start
[debug] [2020-09-12T11:20:34.685Z] CLI Version:   8.10.0
[debug] [2020-09-12T11:20:34.685Z] Platform:      win32
[debug] [2020-09-12T11:20:34.686Z] Node Version:  v10.16.2
[debug] [2020-09-12T11:20:34.714Z] Time:          Sat Sep 12 2020 16:50:34 GMT+0530 (India Standard Time)
[debug] [2020-09-12T11:20:34.714Z] ----------------------------------------------------------------------
[debug] [2020-09-12T11:20:34.714Z] 
[debug] [2020-09-12T11:20:34.751Z] > command requires scopes: ["email","openid","https://www.googleapis.com/auth/cloudplatformprojects.readonly","https://www.googleapis.com/auth/firebase","https://www.googleapis.com/auth/cloud-platform"]
[debug] [2020-09-12T11:20:34.753Z] > authorizing via signed-in user
[info] i  emulators: Starting emulators: functions, hosting {"metadata":{"emulator":{"name":"hub"},"message":"Starting emulators: functions, hosting"}}
[debug] [2020-09-12T11:20:36.786Z] [hub] writing locator at C:\Users\Asus\AppData\Local\Temp\hub-clone-b6acf.json
[warn] !  functions: The following emulators are not running, calls to these services from the Functions emulator will affect production: firestore, database, pubsub {"metadata":{"emulator":{"name":"functions"},"message":"The following emulators are not running, calls to these services from the Functions emulator will affect production: \u001b[1mfirestore, database, pubsub\u001b[22m"}}
[info] +  functions: Using node@10 from host. {"metadata":{"emulator":{"name":"functions"},"message":"Using node@10 from host."}}
[debug] [2020-09-12T11:20:38.843Z] defaultcredentials: writing to file C:\Users\Asus\AppData\Roaming\firebase\keshri_ayushi10_gmail.com_application_default_credentials.json
[debug] [2020-09-12T11:20:38.847Z] Setting GAC to C:\Users\Asus\AppData\Roaming\firebase\keshri_ayushi10_gmail.com_application_default_credentials.json {"metadata":{"emulator":{"name":"functions"},"message":"Setting GAC to C:\\Users\\Asus\\AppData\\Roaming\\firebase\\keshri_ayushi10_gmail.com_application_default_credentials.json"}}
[debug] [2020-09-12T11:20:40.862Z] >>> HTTP REQUEST GET https://firebase.googleapis.com/v1beta1/projects/clone-b6acf/webApps/-/config  
 
[debug] [2020-09-12T11:20:42.905Z] <<< HTTP RESPONSE 200 {"content-type":"application/json; charset=UTF-8","vary":"X-Origin, Referer, Origin,Accept-Encoding","date":"Sat, 12 Sep 2020 11:20:43 GMT","server":"ESF","cache-control":"private","x-xss-protection":"0","x-frame-options":"SAMEORIGIN","x-content-type-options":"nosniff","alt-svc":"h3-29=\":443\"; ma=2592000,h3-27=\":443\"; ma=2592000,h3-T051=\":443\"; ma=2592000,h3-T050=\":443\"; ma=2592000,h3-Q050=\":443\"; ma=2592000,h3-Q046=\":443\"; ma=2592000,h3-Q043=\":443\"; ma=2592000,quic=\":443\"; ma=2592000; v=\"46,43\"","accept-ranges":"none","transfer-encoding":"chunked"}
[info] i  hosting: Serving hosting files from: build {"metadata":{"emulator":{"name":"hosting"},"message":"Serving hosting files from: \u001b[1mbuild\u001b[22m"}}
[info] +  hosting: Local server: http://localhost:5000 {"metadata":{"emulator":{"name":"hosting"},"message":"Local server: \u001b[4m\u001b[1mhttp://localhost:5000\u001b[22m\u001b[24m"}}
[debug] [2020-09-12T11:20:47.211Z] Ignoring unsupported arg: auto_download {"metadata":{"emulator":{"name":"ui"},"message":"Ignoring unsupported arg: auto_download"}}
[debug] [2020-09-12T11:20:47.211Z] Ignoring unsupported arg: port {"metadata":{"emulator":{"name":"ui"},"message":"Ignoring unsupported arg: port"}}
[debug] [2020-09-12T11:20:47.211Z] Starting Emulator UI with command {"binary":"node","args":["C:\\Users\\Asus\\.cache\\firebase\\emulators\\ui-v1.1.1\\server.bundle.js"],"optionalArgs":[],"joinArgs":false} {"metadata":{"emulator":{"name":"ui"},"message":"Starting Emulator UI with command {\"binary\":\"node\",\"args\":[\"C:\\\\Users\\\\Asus\\\\.cache\\\\firebase\\\\emulators\\\\ui-v1.1.1\\\\server.bundle.js\"],\"optionalArgs\":[],\"joinArgs\":false}"}}
[info] i  ui: Emulator UI logging to ui-debug.log {"metadata":{"emulator":{"name":"ui"},"message":"Emulator UI logging to \u001b[1mui-debug.log\u001b[22m"}}
[debug] [2020-09-12T11:20:47.645Z] Web / API server started at http://localhost:4000
 {"metadata":{"emulator":{"name":"ui"},"message":"Web / API server started at http://localhost:4000\n"}}
[info] i  functions: Watching "C:\Users\Asus\Desktop\React-All-Project\amazon-clone\amazon-clone\functions" for Cloud Functions... {"metadata":{"emulator":{"name":"functions"},"message":"Watching \"C:\\Users\\Asus\\Desktop\\React-All-Project\\amazon-clone\\amazon-clone\\functions\" for Cloud Functions..."}}
[debug] [2020-09-12T11:20:47.743Z] [worker-pool] addWorker(~diagnostic~) {"metadata":{"emulator":{"name":"functions"},"message":"[worker-pool] addWorker(~diagnostic~)"}}
[debug] [2020-09-12T11:20:47.743Z] [worker-pool] Adding worker with key ~diagnostic~, total=1 {"metadata":{"emulator":{"name":"functions"},"message":"[worker-pool] Adding worker with key ~diagnostic~, total=1"}}
[debug] [2020-09-12T11:20:47.743Z] [worker-pool] submitWork(triggerId=) {"metadata":{"emulator":{"name":"functions"},"message":"[worker-pool] submitWork(triggerId=)"}}
[debug] [2020-09-12T11:20:47.744Z] [worker-~diagnostic~-80c62414-80f6-490d-ba4d-e6b27b7cbe21]: Assigning socketPath: \\?\pipe\C:\Users\Asus\Desktop\React-All-Project\amazon-clone\amazon-clone\functions\4204 {"metadata":{"emulator":{"name":"functions"},"message":"[worker-~diagnostic~-80c62414-80f6-490d-ba4d-e6b27b7cbe21]: Assigning socketPath: \\\\?\\pipe\\C:\\Users\\Asus\\Desktop\\React-All-Project\\amazon-clone\\amazon-clone\\functions\\4204"}}
[debug] [2020-09-12T11:20:47.744Z] [worker-~diagnostic~-80c62414-80f6-490d-ba4d-e6b27b7cbe21]: BUSY {"metadata":{"emulator":{"name":"functions"},"message":"[worker-~diagnostic~-80c62414-80f6-490d-ba4d-e6b27b7cbe21]: BUSY"}}
[debug] [2020-09-12T11:20:48.590Z] [runtime-status] [4204] Functions runtime initialized. {"cwd":"C:\\Users\\Asus\\Desktop\\React-All-Project\\amazon-clone\\amazon-clone\\functions","node_version":"10.16.2"} {"metadata":{"emulator":{"name":"functions"},"message":"[runtime-status] [4204] Functions runtime initialized. {\"cwd\":\"C:\\\\Users\\\\Asus\\\\Desktop\\\\React-All-Project\\\\amazon-clone\\\\amazon-clone\\\\functions\",\"node_version\":\"10.16.2\"}"}}
[debug] [2020-09-12T11:20:48.592Z] [runtime-status] [4204] Disabled runtime features: undefined {"metadata":{"emulator":{"name":"functions"},"message":"[runtime-status] [4204] Disabled runtime features: undefined"}}
[debug] [2020-09-12T11:20:48.598Z] [runtime-status] [4204] Resolved module firebase-admin {"declared":true,"installed":true,"version":"8.13.0","resolution":"C:\\Users\\Asus\\Desktop\\React-All-Project\\amazon-clone\\amazon-clone\\functions\\node_modules\\firebase-admin\\lib\\index.js"} {"metadata":{"emulator":{"name":"functions"},"message":"[runtime-status] [4204] Resolved module firebase-admin {\"declared\":true,\"installed\":true,\"version\":\"8.13.0\",\"resolution\":\"C:\\\\Users\\\\Asus\\\\Desktop\\\\React-All-Project\\\\amazon-clone\\\\amazon-clone\\\\functions\\\\node_modules\\\\firebase-admin\\\\lib\\\\index.js\"}"}}
[debug] [2020-09-12T11:20:48.600Z] [runtime-status] [4204] Resolved module firebase-functions {"declared":true,"installed":true,"version":"3.11.0","resolution":"C:\\Users\\Asus\\Desktop\\React-All-Project\\amazon-clone\\amazon-clone\\functions\\node_modules\\firebase-functions\\lib\\index.js"} {"metadata":{"emulator":{"name":"functions"},"message":"[runtime-status] [4204] Resolved module firebase-functions {\"declared\":true,\"installed\":true,\"version\":\"3.11.0\",\"resolution\":\"C:\\\\Users\\\\Asus\\\\Desktop\\\\React-All-Project\\\\amazon-clone\\\\amazon-clone\\\\functions\\\\node_modules\\\\firebase-functions\\\\lib\\\\index.js\"}"}}
[debug] [2020-09-12T11:20:48.601Z] [runtime-status] [4204] Resolved module firebase-functions {"declared":true,"installed":true,"version":"3.11.0","resolution":"C:\\Users\\Asus\\Desktop\\React-All-Project\\amazon-clone\\amazon-clone\\functions\\node_modules\\firebase-functions\\lib\\index.js"} {"metadata":{"emulator":{"name":"functions"},"message":"[runtime-status] [4204] Resolved module firebase-functions {\"declared\":true,\"installed\":true,\"version\":\"3.11.0\",\"resolution\":\"C:\\\\Users\\\\Asus\\\\Desktop\\\\React-All-Project\\\\amazon-clone\\\\amazon-clone\\\\functions\\\\node_modules\\\\firebase-functions\\\\lib\\\\index.js\"}"}}
[debug] [2020-09-12T11:20:48.607Z] [runtime-status] [4204] Outgoing network have been stubbed. [{"name":"http","status":"mocked"},{"name":"http","status":"mocked"},{"name":"https","status":"mocked"},{"name":"https","status":"mocked"},{"name":"net","status":"mocked"}] {"metadata":{"emulator":{"name":"functions"},"message":"[runtime-status] [4204] Outgoing network have been stubbed. [{\"name\":\"http\",\"status\":\"mocked\"},{\"name\":\"http\",\"status\":\"mocked\"},{\"name\":\"https\",\"status\":\"mocked\"},{\"name\":\"https\",\"status\":\"mocked\"},{\"name\":\"net\",\"status\":\"mocked\"}]"}}
[debug] [2020-09-12T11:20:48.608Z] [runtime-status] [4204] Resolved module firebase-functions {"declared":true,"installed":true,"version":"3.11.0","resolution":"C:\\Users\\Asus\\Desktop\\React-All-Project\\amazon-clone\\amazon-clone\\functions\\node_modules\\firebase-functions\\lib\\index.js"} {"metadata":{"emulator":{"name":"functions"},"message":"[runtime-status] [4204] Resolved module firebase-functions {\"declared\":true,\"installed\":true,\"version\":\"3.11.0\",\"resolution\":\"C:\\\\Users\\\\Asus\\\\Desktop\\\\React-All-Project\\\\amazon-clone\\\\amazon-clone\\\\functions\\\\node_modules\\\\firebase-functions\\\\lib\\\\index.js\"}"}}
[debug] [2020-09-12T11:20:48.688Z] [runtime-status] [4204] Checked functions.config() {"config":{}} {"metadata":{"emulator":{"name":"functions"},"message":"[runtime-status] [4204] Checked functions.config() {\"config\":{}}"}}
[debug] [2020-09-12T11:20:48.688Z] [runtime-status] [4204] firebase-functions has been stubbed. {"functionsResolution":{"declared":true,"installed":true,"version":"3.11.0","resolution":"C:\\Users\\Asus\\Desktop\\React-All-Project\\amazon-clone\\amazon-clone\\functions\\node_modules\\firebase-functions\\lib\\index.js"}} {"metadata":{"emulator":{"name":"functions"},"message":"[runtime-status] [4204] firebase-functions has been stubbed. {\"functionsResolution\":{\"declared\":true,\"installed\":true,\"version\":\"3.11.0\",\"resolution\":\"C:\\\\Users\\\\Asus\\\\Desktop\\\\React-All-Project\\\\amazon-clone\\\\amazon-clone\\\\functions\\\\node_modules\\\\firebase-functions\\\\lib\\\\index.js\"}}"}}
[debug] [2020-09-12T11:20:48.689Z] [runtime-status] [4204] Resolved module firebase-functions {"declared":true,"installed":true,"version":"3.11.0","resolution":"C:\\Users\\Asus\\Desktop\\React-All-Project\\amazon-clone\\amazon-clone\\functions\\node_modules\\firebase-functions\\lib\\index.js"} {"metadata":{"emulator":{"name":"functions"},"message":"[runtime-status] [4204] Resolved module firebase-functions {\"declared\":true,\"installed\":true,\"version\":\"3.11.0\",\"resolution\":\"C:\\\\Users\\\\Asus\\\\Desktop\\\\React-All-Project\\\\amazon-clone\\\\amazon-clone\\\\functions\\\\node_modules\\\\firebase-functions\\\\lib\\\\index.js\"}"}}
[debug] [2020-09-12T11:20:48.690Z] [runtime-status] [4204] Resolved module firebase-admin {"declared":true,"installed":true,"version":"8.13.0","resolution":"C:\\Users\\Asus\\Desktop\\React-All-Project\\amazon-clone\\amazon-clone\\functions\\node_modules\\firebase-admin\\lib\\index.js"} {"metadata":{"emulator":{"name":"functions"},"message":"[runtime-status] [4204] Resolved module firebase-admin {\"declared\":true,\"installed\":true,\"version\":\"8.13.0\",\"resolution\":\"C:\\\\Users\\\\Asus\\\\Desktop\\\\React-All-Project\\\\amazon-clone\\\\amazon-clone\\\\functions\\\\node_modules\\\\firebase-admin\\\\lib\\\\index.js\"}"}}
[debug] [2020-09-12T11:20:48.690Z] [runtime-status] [4204] Resolved module firebase-functions {"declared":true,"installed":true,"version":"3.11.0","resolution":"C:\\Users\\Asus\\Desktop\\React-All-Project\\amazon-clone\\amazon-clone\\functions\\node_modules\\firebase-functions\\lib\\index.js"} {"metadata":{"emulator":{"name":"functions"},"message":"[runtime-status] [4204] Resolved module firebase-functions {\"declared\":true,\"installed\":true,\"version\":\"3.11.0\",\"resolution\":\"C:\\\\Users\\\\Asus\\\\Desktop\\\\React-All-Project\\\\amazon-clone\\\\amazon-clone\\\\functions\\\\node_modules\\\\firebase-functions\\\\lib\\\\index.js\"}"}}
[debug] [2020-09-12T11:20:48.691Z] [runtime-status] [4204] firebase-admin has been stubbed. {"adminResolution":{"declared":true,"installed":true,"version":"8.13.0","resolution":"C:\\Users\\Asus\\Desktop\\React-All-Project\\amazon-clone\\amazon-clone\\functions\\node_modules\\firebase-admin\\lib\\index.js"}} {"metadata":{"emulator":{"name":"functions"},"message":"[runtime-status] [4204] firebase-admin has been stubbed. {\"adminResolution\":{\"declared\":true,\"installed\":true,\"version\":\"8.13.0\",\"resolution\":\"C:\\\\Users\\\\Asus\\\\Desktop\\\\React-All-Project\\\\amazon-clone\\\\amazon-clone\\\\functions\\\\node_modules\\\\firebase-admin\\\\lib\\\\index.js\"}}"}}
[info] +  functions[api]: http function initialized (http://localhost:5001/clone-b6acf/us-central1/api). {"metadata":{"emulator":{"name":"functions"},"message":"\u001b[1mhttp\u001b[22m function initialized (http://localhost:5001/clone-b6acf/us-central1/api)."}}
[info] 
┌───────────────────────────────────────────────────────────────────────┐
│ ✔  All emulators ready! View status and logs at http://localhost:4000 │
└───────────────────────────────────────────────────────────────────────┘

┌───────────┬────────────────┬─────────────────────────────────┐
│ Emulator  │ Host:Port      │ View in Emulator UI             │
├───────────┼────────────────┼─────────────────────────────────┤
│ Functions │ localhost:5001 │ http://localhost:4000/functions │
├───────────┼────────────────┼─────────────────────────────────┤
│ Hosting   │ localhost:5000 │ n/a                             │
└───────────┴────────────────┴─────────────────────────────────┘
  Other reserved ports: 4400, 4500

Issues? Report them at https://github.com/firebase/firebase-tools/issues and attach the *-debug.log files.
 
[debug] [2020-09-12T11:20:48.998Z] [worker-~diagnostic~-80c62414-80f6-490d-ba4d-e6b27b7cbe21]: IDLE {"metadata":{"emulator":{"name":"functions"},"message":"[worker-~diagnostic~-80c62414-80f6-490d-ba4d-e6b27b7cbe21]: IDLE"}}
[debug] [2020-09-12T11:20:53.334Z] [work-queue] {"queueLength":1,"workRunningCount":0}
[debug] [2020-09-12T11:20:53.335Z] [work-queue] {"queueLength":0,"workRunningCount":1}
[debug] [2020-09-12T11:20:53.336Z] Accepted request GET /clone-b6acf/us-central1/api --> api
[debug] [2020-09-12T11:20:53.342Z] [worker-pool] addWorker(api) {"metadata":{"emulator":{"name":"functions"},"message":"[worker-pool] addWorker(api)"}}
[debug] [2020-09-12T11:20:53.343Z] [worker-pool] Adding worker with key api, total=1 {"metadata":{"emulator":{"name":"functions"},"message":"[worker-pool] Adding worker with key api, total=1"}}
[debug] [2020-09-12T11:20:53.343Z] [worker-pool] submitWork(triggerId=api) {"metadata":{"emulator":{"name":"functions"},"message":"[worker-pool] submitWork(triggerId=api)"}}
[debug] [2020-09-12T11:20:53.343Z] [worker-api-5ac8c358-4839-407f-baa4-458e0643ccf8]: Assigning socketPath: \\?\pipe\C:\Users\Asus\Desktop\React-All-Project\amazon-clone\amazon-clone\functions\1536 {"metadata":{"emulator":{"name":"functions"},"message":"[worker-api-5ac8c358-4839-407f-baa4-458e0643ccf8]: Assigning socketPath: \\\\?\\pipe\\C:\\Users\\Asus\\Desktop\\React-All-Project\\amazon-clone\\amazon-clone\\functions\\1536"}}
[debug] [2020-09-12T11:20:53.343Z] [worker-api-5ac8c358-4839-407f-baa4-458e0643ccf8]: BUSY {"metadata":{"emulator":{"name":"functions"},"message":"[worker-api-5ac8c358-4839-407f-baa4-458e0643ccf8]: BUSY"}}
[debug] [2020-09-12T11:20:54.342Z] [runtime-status] [1536] Functions runtime initialized. {"cwd":"C:\\Users\\Asus\\Desktop\\React-All-Project\\amazon-clone\\amazon-clone\\functions","node_version":"10.16.2"} {"metadata":{"emulator":{"name":"functions"},"function":{"name":"api"},"message":"[runtime-status] [1536] Functions runtime initialized. {\"cwd\":\"C:\\\\Users\\\\Asus\\\\Desktop\\\\React-All-Project\\\\amazon-clone\\\\amazon-clone\\\\functions\",\"node_version\":\"10.16.2\"}"}}
[debug] [2020-09-12T11:20:54.345Z] [runtime-status] [1536] Disabled runtime features: undefined {"metadata":{"emulator":{"name":"functions"},"function":{"name":"api"},"message":"[runtime-status] [1536] Disabled runtime features: undefined"}}
[debug] [2020-09-12T11:20:54.349Z] [runtime-status] [1536] Resolved module firebase-admin {"declared":true,"installed":true,"version":"8.13.0","resolution":"C:\\Users\\Asus\\Desktop\\React-All-Project\\amazon-clone\\amazon-clone\\functions\\node_modules\\firebase-admin\\lib\\index.js"} {"metadata":{"emulator":{"name":"functions"},"function":{"name":"api"},"message":"[runtime-status] [1536] Resolved module firebase-admin {\"declared\":true,\"installed\":true,\"version\":\"8.13.0\",\"resolution\":\"C:\\\\Users\\\\Asus\\\\Desktop\\\\React-All-Project\\\\amazon-clone\\\\amazon-clone\\\\functions\\\\node_modules\\\\firebase-admin\\\\lib\\\\index.js\"}"}}
[debug] [2020-09-12T11:20:54.352Z] [runtime-status] [1536] Resolved module firebase-functions {"declared":true,"installed":true,"version":"3.11.0","resolution":"C:\\Users\\Asus\\Desktop\\React-All-Project\\amazon-clone\\amazon-clone\\functions\\node_modules\\firebase-functions\\lib\\index.js"} {"metadata":{"emulator":{"name":"functions"},"function":{"name":"api"},"message":"[runtime-status] [1536] Resolved module firebase-functions {\"declared\":true,\"installed\":true,\"version\":\"3.11.0\",\"resolution\":\"C:\\\\Users\\\\Asus\\\\Desktop\\\\React-All-Project\\\\amazon-clone\\\\amazon-clone\\\\functions\\\\node_modules\\\\firebase-functions\\\\lib\\\\index.js\"}"}}
[debug] [2020-09-12T11:20:54.355Z] [runtime-status] [1536] Resolved module firebase-functions {"declared":true,"installed":true,"version":"3.11.0","resolution":"C:\\Users\\Asus\\Desktop\\React-All-Project\\amazon-clone\\amazon-clone\\functions\\node_modules\\firebase-functions\\lib\\index.js"} {"metadata":{"emulator":{"name":"functions"},"function":{"name":"api"},"message":"[runtime-status] [1536] Resolved module firebase-functions {\"declared\":true,\"installed\":true,\"version\":\"3.11.0\",\"resolution\":\"C:\\\\Users\\\\Asus\\\\Desktop\\\\React-All-Project\\\\amazon-clone\\\\amazon-clone\\\\functions\\\\node_modules\\\\firebase-functions\\\\lib\\\\index.js\"}"}}
[debug] [2020-09-12T11:20:54.359Z] [runtime-status] [1536] Outgoing network have been stubbed. [{"name":"http","status":"mocked"},{"name":"http","status":"mocked"},{"name":"https","status":"mocked"},{"name":"https","status":"mocked"},{"name":"net","status":"mocked"}] {"metadata":{"emulator":{"name":"functions"},"function":{"name":"api"},"message":"[runtime-status] [1536] Outgoing network have been stubbed. [{\"name\":\"http\",\"status\":\"mocked\"},{\"name\":\"http\",\"status\":\"mocked\"},{\"name\":\"https\",\"status\":\"mocked\"},{\"name\":\"https\",\"status\":\"mocked\"},{\"name\":\"net\",\"status\":\"mocked\"}]"}}
[debug] [2020-09-12T11:20:54.360Z] [runtime-status] [1536] Resolved module firebase-functions {"declared":true,"installed":true,"version":"3.11.0","resolution":"C:\\Users\\Asus\\Desktop\\React-All-Project\\amazon-clone\\amazon-clone\\functions\\node_modules\\firebase-functions\\lib\\index.js"} {"metadata":{"emulator":{"name":"functions"},"function":{"name":"api"},"message":"[runtime-status] [1536] Resolved module firebase-functions {\"declared\":true,\"installed\":true,\"version\":\"3.11.0\",\"resolution\":\"C:\\\\Users\\\\Asus\\\\Desktop\\\\React-All-Project\\\\amazon-clone\\\\amazon-clone\\\\functions\\\\node_modules\\\\firebase-functions\\\\lib\\\\index.js\"}"}}
[debug] [2020-09-12T11:20:54.458Z] [runtime-status] [1536] Checked functions.config() {"config":{}} {"metadata":{"emulator":{"name":"functions"},"function":{"name":"api"},"message":"[runtime-status] [1536] Checked functions.config() {\"config\":{}}"}}
[debug] [2020-09-12T11:20:54.459Z] [runtime-status] [1536] firebase-functions has been stubbed. {"functionsResolution":{"declared":true,"installed":true,"version":"3.11.0","resolution":"C:\\Users\\Asus\\Desktop\\React-All-Project\\amazon-clone\\amazon-clone\\functions\\node_modules\\firebase-functions\\lib\\index.js"}} {"metadata":{"emulator":{"name":"functions"},"function":{"name":"api"},"message":"[runtime-status] [1536] firebase-functions has been stubbed. {\"functionsResolution\":{\"declared\":true,\"installed\":true,\"version\":\"3.11.0\",\"resolution\":\"C:\\\\Users\\\\Asus\\\\Desktop\\\\React-All-Project\\\\amazon-clone\\\\amazon-clone\\\\functions\\\\node_modules\\\\firebase-functions\\\\lib\\\\index.js\"}}"}}
[debug] [2020-09-12T11:20:54.459Z] [runtime-status] [1536] Resolved module firebase-functions {"declared":true,"installed":true,"version":"3.11.0","resolution":"C:\\Users\\Asus\\Desktop\\React-All-Project\\amazon-clone\\amazon-clone\\functions\\node_modules\\firebase-functions\\lib\\index.js"} {"metadata":{"emulator":{"name":"functions"},"function":{"name":"api"},"message":"[runtime-status] [1536] Resolved module firebase-functions {\"declared\":true,\"installed\":true,\"version\":\"3.11.0\",\"resolution\":\"C:\\\\Users\\\\Asus\\\\Desktop\\\\React-All-Project\\\\amazon-clone\\\\amazon-clone\\\\functions\\\\node_modules\\\\firebase-functions\\\\lib\\\\index.js\"}"}}
[debug] [2020-09-12T11:20:54.461Z] [runtime-status] [1536] Resolved module firebase-admin {"declared":true,"installed":true,"version":"8.13.0","resolution":"C:\\Users\\Asus\\Desktop\\React-All-Project\\amazon-clone\\amazon-clone\\functions\\node_modules\\firebase-admin\\lib\\index.js"} {"metadata":{"emulator":{"name":"functions"},"function":{"name":"api"},"message":"[runtime-status] [1536] Resolved module firebase-admin {\"declared\":true,\"installed\":true,\"version\":\"8.13.0\",\"resolution\":\"C:\\\\Users\\\\Asus\\\\Desktop\\\\React-All-Project\\\\amazon-clone\\\\amazon-clone\\\\functions\\\\node_modules\\\\firebase-admin\\\\lib\\\\index.js\"}"}}
[debug] [2020-09-12T11:20:54.461Z] [runtime-status] [1536] Resolved module firebase-functions {"declared":true,"installed":true,"version":"3.11.0","resolution":"C:\\Users\\Asus\\Desktop\\React-All-Project\\amazon-clone\\amazon-clone\\functions\\node_modules\\firebase-functions\\lib\\index.js"} {"metadata":{"emulator":{"name":"functions"},"function":{"name":"api"},"message":"[runtime-status] [1536] Resolved module firebase-functions {\"declared\":true,\"installed\":true,\"version\":\"3.11.0\",\"resolution\":\"C:\\\\Users\\\\Asus\\\\Desktop\\\\React-All-Project\\\\amazon-clone\\\\amazon-clone\\\\functions\\\\node_modules\\\\firebase-functions\\\\lib\\\\index.js\"}"}}
[debug] [2020-09-12T11:20:54.462Z] [runtime-status] [1536] firebase-admin has been stubbed. {"adminResolution":{"declared":true,"installed":true,"version":"8.13.0","resolution":"C:\\Users\\Asus\\Desktop\\React-All-Project\\amazon-clone\\amazon-clone\\functions\\node_modules\\firebase-admin\\lib\\index.js"}} {"metadata":{"emulator":{"name":"functions"},"function":{"name":"api"},"message":"[runtime-status] [1536] firebase-admin has been stubbed. {\"adminResolution\":{\"declared\":true,\"installed\":true,\"version\":\"8.13.0\",\"resolution\":\"C:\\\\Users\\\\Asus\\\\Desktop\\\\React-All-Project\\\\amazon-clone\\\\amazon-clone\\\\functions\\\\node_modules\\\\firebase-admin\\\\lib\\\\index.js\"}}"}}
[debug] [2020-09-12T11:20:54.735Z] [runtime-status] [1536] Trigger "api" has been found, beginning invocation! {"metadata":{"emulator":{"name":"functions"},"function":{"name":"api"},"message":"[runtime-status] [1536] Trigger \"api\" has been found, beginning invocation!"}}
[info] i  functions: Beginning execution of "api" {"metadata":{"emulator":{"name":"functions"},"function":{"name":"api"},"message":"Beginning execution of \"api\""}}
[debug] [2020-09-12T11:20:54.738Z] [runtime-status] [1536] triggerDefinition {"httpsTrigger":{},"name":"api","entryPoint":"api"} {"metadata":{"emulator":{"name":"functions"},"function":{"name":"api"},"message":"[runtime-status] [1536] triggerDefinition {\"httpsTrigger\":{},\"name\":\"api\",\"entryPoint\":\"api\"}"}}
[debug] [2020-09-12T11:20:54.739Z] [runtime-status] [1536] Running api in mode HTTPS {"metadata":{"emulator":{"name":"functions"},"function":{"name":"api"},"message":"[runtime-status] [1536] Running api in mode HTTPS"}}
[debug] [2020-09-12T11:20:54.744Z] [runtime-status] [1536] Attempting to listen to socketPath: \\?\pipe\C:\Users\Asus\Desktop\React-All-Project\amazon-clone\amazon-clone\functions\1536 {"metadata":{"emulator":{"name":"functions"},"function":{"name":"api"},"message":"[runtime-status] [1536] Attempting to listen to socketPath: \\\\?\\pipe\\C:\\Users\\Asus\\Desktop\\React-All-Project\\amazon-clone\\amazon-clone\\functions\\1536"}}
[debug] [2020-09-12T11:20:54.748Z] [functions] Runtime ready! Sending request! {"metadata":{"emulator":{"name":"functions"},"message":"[functions] Runtime ready! Sending request!"}}
[debug] [2020-09-12T11:20:54.760Z] [runtime-status] [1536] Ephemeral server handling GET request {"metadata":{"emulator":{"name":"functions"},"function":{"name":"api"},"message":"[runtime-status] [1536] Ephemeral server handling GET request"}}
[debug] [2020-09-12T11:20:54.777Z] [runtime-status] [1536] Ephemeral server survived. {"metadata":{"emulator":{"name":"functions"},"function":{"name":"api"},"message":"[runtime-status] [1536] Ephemeral server survived."}}
[info] i  functions: Finished "api" in ~1s {"metadata":{"emulator":{"name":"functions"},"function":{"name":"api"},"message":"Finished \"api\" in ~1s"}}
[debug] [2020-09-12T11:20:54.784Z] [worker-api-5ac8c358-4839-407f-baa4-458e0643ccf8]: IDLE {"metadata":{"emulator":{"name":"functions"},"message":"[worker-api-5ac8c358-4839-407f-baa4-458e0643ccf8]: IDLE"}}
[debug] [2020-09-12T11:20:54.784Z] [work-queue] {"queueLength":0,"workRunningCount":0}
