[debug] [2020-09-12T11:24:28.577Z] ----------------------------------------------------------------------
[debug] [2020-09-12T11:24:28.579Z] Command:       C:\Program Files\nodejs\node.exe C:\Users\Asus\AppData\Roaming\npm\node_modules\firebase-tools\lib\bin\firebase.js init
[debug] [2020-09-12T11:24:28.580Z] CLI Version:   8.10.0
[debug] [2020-09-12T11:24:28.580Z] Platform:      win32
[debug] [2020-09-12T11:24:28.580Z] Node Version:  v10.16.2
[debug] [2020-09-12T11:24:28.581Z] Time:          Sat Sep 12 2020 16:54:28 GMT+0530 (India Standard Time)
[debug] [2020-09-12T11:24:28.581Z] ----------------------------------------------------------------------
[debug] [2020-09-12T11:24:28.581Z] 
[debug] [2020-09-12T11:24:28.591Z] > command requires scopes: ["email","openid","https://www.googleapis.com/auth/cloudplatformprojects.readonly","https://www.googleapis.com/auth/firebase","https://www.googleapis.com/auth/cloud-platform"]
[debug] [2020-09-12T11:24:28.592Z] > authorizing via signed-in user
[info] 
     ######## #### ########  ######## ########     ###     ######  ########
     ##        ##  ##     ## ##       ##     ##  ##   ##  ##       ##
     ######    ##  ########  ######   ########  #########  ######  ######
     ##        ##  ##    ##  ##       ##     ## ##     ##       ## ##
     ##       #### ##     ## ######## ########  ##     ##  ######  ########

You're about to initialize a Firebase project in this directory:

  C:\Users\Asus\Desktop\React-All-Project\amazon-clone\amazon-clone

Before we get started, keep in mind:

  * You are initializing in an existing Firebase project directory

